<?xml version="1.0" encoding="UTF-8"?>
<!-- Generated by org.testng.reporters.JUnitXMLReporter -->
<testsuite hostname="DESKTOP-2JHI0MB" ignored="0" name="Amazonpomexample" tests="7" failures="0" timestamp="26 Mar 2019 13:57:31 GMT" time="743.533" errors="0">
  <testcase name="verifyUsernameLabelTest" time="2.355" classname="com.amazon.qa.testcases.YourAmazonPageTest"/>
  <testcase name="NewRegistrationTest" time="0.839" classname="com.amazon.qa.testcases.NewRegistrationPageTest"/>
  <testcase name="NewRegistrationTest" time="0.928" classname="com.amazon.qa.testcases.NewRegistrationPageTest"/>
  <testcase name="NewRegistrationTest" time="1.062" classname="com.amazon.qa.testcases.NewRegistrationPageTest"/>
  <testcase name="NewRegistrationTest" time="0.79" classname="com.amazon.qa.testcases.NewRegistrationPageTest"/>
  <testcase name="verifySignInPageTitle" time="0.011" classname="com.amazon.qa.testcases.SignInPageTest"/>
  <testcase name="validateUsernameLabelTest" time="0.047" classname="com.amazon.qa.testcases.LoginPageTest"/>
</testsuite> <!-- Amazonpomexample -->
